# JRE version: Java(TM) SE Runtime Environment (8.0_311-b11) (build 1.8.0_311-b11)
# Java VM: Java HotSpot(TM) 64-Bit Server VM (25.311-b11 mixed mode windows-amd64 compressed oops)
Heap:
 PSYoungGen      total 120832K, used 17607K [0x00000000db300000, 0x00000000e3900000, 0x0000000100000000)
  eden space 112128K, 7% used [0x00000000db300000,0x00000000dbbb7f20,0x00000000e2080000)
  from space 8704K, 99% used [0x00000000e2b80000,0x00000000e33fa040,0x00000000e3400000)
  to   space 11264K, 0% used [0x00000000e2080000,0x00000000e2080000,0x00000000e2b80000)
 ParOldGen       total 76800K, used 11729K [0x0000000091800000, 0x0000000096300000, 0x00000000db300000)
  object space 76800K, 15% used [0x0000000091800000,0x0000000092374568,0x0000000096300000)
 Metaspace       used 16193K, capacity 16582K, committed 16896K, reserved 1064960K
  class space    used 1912K, capacity 2010K, committed 2048K, reserved 1048576K
GC Heap History (10 events):
Event: 1.781 GC heap before
{Heap before GC invocations=2 (full 0):
 PSYoungGen      total 33280K, used 33268K [0x00000000db300000, 0x00000000dd800000, 0x0000000100000000)
  eden space 28672K, 100% used [0x00000000db300000,0x00000000dcf00000,0x00000000dcf00000)
  from space 4608K, 99% used [0x00000000dcf00000,0x00000000dd37d2c8,0x00000000dd380000)
  to   space 4608K, 0% used [0x00000000dd380000,0x00000000dd380000,0x00000000dd800000)
 ParOldGen       total 76800K, used 471K [0x0000000091800000, 0x0000000096300000, 0x00000000db300000)
  object space 76800K, 0% used [0x0000000091800000,0x0000000091875c20,0x0000000096300000)
 Metaspace       used 10931K, capacity 11180K, committed 11392K, reserved 1058816K
  class space    used 1310K, capacity 1381K, committed 1408K, reserved 1048576K
Event: 1.799 GC heap after
Heap after GC invocations=2 (full 0):
 PSYoungGen      total 33280K, used 4606K [0x00000000db300000, 0x00000000df400000, 0x0000000100000000)
  eden space 28672K, 0% used [0x00000000db300000,0x00000000db300000,0x00000000dcf00000)
  from space 4608K, 99% used [0x00000000dd380000,0x00000000dd7ff9e0,0x00000000dd800000)
  to   space 4608K, 0% used [0x00000000dcf00000,0x00000000dcf00000,0x00000000dd380000)
 ParOldGen       total 76800K, used 1397K [0x0000000091800000, 0x0000000096300000, 0x00000000db300000)
  object space 76800K, 1% used [0x0000000091800000,0x000000009195d428,0x0000000096300000)
 Metaspace       used 10931K, capacity 11180K, committed 11392K, reserved 1058816K
  class space    used 1310K, capacity 1381K, committed 1408K, reserved 1048576K
}
Event: 2.511 GC heap before
{Heap before GC invocations=3 (full 0):
 PSYoungGen      total 33280K, used 33278K [0x00000000db300000, 0x00000000df400000, 0x0000000100000000)
  eden space 28672K, 100% used [0x00000000db300000,0x00000000dcf00000,0x00000000dcf00000)
  from space 4608K, 99% used [0x00000000dd380000,0x00000000dd7ff9e0,0x00000000dd800000)
  to   space 4608K, 0% used [0x00000000dcf00000,0x00000000dcf00000,0x00000000dd380000)
 ParOldGen       total 76800K, used 1397K [0x0000000091800000, 0x0000000096300000, 0x00000000db300000)
  object space 76800K, 1% used [0x0000000091800000,0x000000009195d428,0x0000000096300000)
 Metaspace       used 13787K, capacity 14064K, committed 14464K, reserved 1062912K
  class space    used 1718K, capacity 1805K, committed 1920K, reserved 1048576K
Event: 2.519 GC heap after
Heap after GC invocations=3 (full 0):
 PSYoungGen      total 33280K, used 4594K [0x00000000db300000, 0x00000000df400000, 0x0000000100000000)
  eden space 28672K, 0% used [0x00000000db300000,0x00000000db300000,0x00000000dcf00000)
  from space 4608K, 99% used [0x00000000dcf00000,0x00000000dd37cbe8,0x00000000dd380000)
  to   space 4608K, 0% used [0x00000000def80000,0x00000000def80000,0x00000000df400000)
 ParOldGen       total 76800K, used 3652K [0x0000000091800000, 0x0000000096300000, 0x00000000db300000)
  object space 76800K, 4% used [0x0000000091800000,0x0000000091b91130,0x0000000096300000)
 Metaspace       used 13787K, capacity 14064K, committed 14464K, reserved 1062912K
  class space    used 1718K, capacity 1805K, committed 1920K, reserved 1048576K
}
Event: 3.230 GC heap before
{Heap before GC invocations=4 (full 0):
 PSYoungGen      total 33280K, used 33266K [0x00000000db300000, 0x00000000df400000, 0x0000000100000000)
  eden space 28672K, 100% used [0x00000000db300000,0x00000000dcf00000,0x00000000dcf00000)
  from space 4608K, 99% used [0x00000000dcf00000,0x00000000dd37cbe8,0x00000000dd380000)
  to   space 4608K, 0% used [0x00000000def80000,0x00000000def80000,0x00000000df400000)
 ParOldGen       total 76800K, used 3652K [0x0000000091800000, 0x0000000096300000, 0x00000000db300000)
  object space 76800K, 4% used [0x0000000091800000,0x0000000091b91130,0x0000000096300000)
 Metaspace       used 15499K, capacity 15842K, committed 16128K, reserved 1062912K
  class space    used 1889K, capacity 1978K, committed 2048K, reserved 1048576K
Event: 3.238 GC heap after
Heap after GC invocations=4 (full 0):
 PSYoungGen      total 61952K, used 4600K [0x00000000db300000, 0x00000000df400000, 0x0000000100000000)
  eden space 57344K, 0% used [0x00000000db300000,0x00000000db300000,0x00000000deb00000)
  from space 4608K, 99% used [0x00000000def80000,0x00000000df3fe030,0x00000000df400000)
  to   space 4608K, 0% used [0x00000000deb00000,0x00000000deb00000,0x00000000def80000)
 ParOldGen       total 76800K, used 6909K [0x0000000091800000, 0x0000000096300000, 0x00000000db300000)
  object space 76800K, 8% used [0x0000000091800000,0x0000000091ebf5f8,0x0000000096300000)
 Metaspace       used 15499K, capacity 15842K, committed 16128K, reserved 1062912K
  class space    used 1889K, capacity 1978K, committed 2048K, reserved 1048576K
}
Event: 4.104 GC heap before
{Heap before GC invocations=5 (full 0):
 PSYoungGen      total 61952K, used 61944K [0x00000000db300000, 0x00000000df400000, 0x0000000100000000)
  eden space 57344K, 100% used [0x00000000db300000,0x00000000deb00000,0x00000000deb00000)
  from space 4608K, 99% used [0x00000000def80000,0x00000000df3fe030,0x00000000df400000)
  to   space 4608K, 0% used [0x00000000deb00000,0x00000000deb00000,0x00000000def80000)
 ParOldGen       total 76800K, used 6909K [0x0000000091800000, 0x0000000096300000, 0x00000000db300000)
  object space 76800K, 8% used [0x0000000091800000,0x0000000091ebf5f8,0x0000000096300000)
 Metaspace       used 15847K, capacity 16230K, committed 16384K, reserved 1062912K
  class space    used 1889K, capacity 1978K, committed 2048K, reserved 1048576K
Event: 4.114 GC heap after
Heap after GC invocations=5 (full 0):
 PSYoungGen      total 61952K, used 4600K [0x00000000db300000, 0x00000000e3400000, 0x0000000100000000)
  eden space 57344K, 0% used [0x00000000db300000,0x00000000db300000,0x00000000deb00000)
  from space 4608K, 99% used [0x00000000deb00000,0x00000000def7e030,0x00000000def80000)
  to   space 8704K, 0% used [0x00000000e2b80000,0x00000000e2b80000,0x00000000e3400000)
 ParOldGen       total 76800K, used 9057K [0x0000000091800000, 0x0000000096300000, 0x00000000db300000)
  object space 76800K, 11% used [0x0000000091800000,0x00000000920d8618,0x0000000096300000)
 Metaspace       used 15847K, capacity 16230K, committed 16384K, reserved 1062912K
  class space    used 1889K, capacity 1978K, committed 2048K, reserved 1048576K
}
Event: 4.270 GC heap before
{Heap before GC invocations=6 (full 0):
 PSYoungGen      total 61952K, used 61944K [0x00000000db300000, 0x00000000e3400000, 0x0000000100000000)
  eden space 57344K, 100% used [0x00000000db300000,0x00000000deb00000,0x00000000deb00000)
  from space 4608K, 99% used [0x00000000deb00000,0x00000000def7e030,0x00000000def80000)
  to   space 8704K, 0% used [0x00000000e2b80000,0x00000000e2b80000,0x00000000e3400000)
 ParOldGen       total 76800K, used 9057K [0x0000000091800000, 0x0000000096300000, 0x00000000db300000)
  object space 76800K, 11% used [0x0000000091800000,0x00000000920d8618,0x0000000096300000)
 Metaspace       used 15896K, capacity 16230K, committed 16384K, reserved 1062912K
  class space    used 1890K, capacity 1978K, committed 2048K, reserved 1048576K
Event: 4.282 GC heap after
Heap after GC invocations=6 (full 0):
 PSYoungGen      total 120832K, used 8680K [0x00000000db300000, 0x00000000e3900000, 0x0000000100000000)
  eden space 112128K, 0% used [0x00000000db300000,0x00000000db300000,0x00000000e2080000)
  from space 8704K, 99% used [0x00000000e2b80000,0x00000000e33fa040,0x00000000e3400000)
  to   space 11264K, 0% used [0x00000000e2080000,0x00000000e2080000,0x00000000e2b80000)
 ParOldGen       total 76800K, used 11729K [0x0000000091800000, 0x0000000096300000, 0x00000000db300000)
  object space 76800K, 15% used [0x0000000091800000,0x0000000092374568,0x0000000096300000)
 Metaspace       used 15896K, capacity 16230K, committed 16384K, reserved 1062912K
  class space    used 1890K, capacity 1978K, committed 2048K, reserved 1048576K
}

